<?xml version="1.0" encoding="UTF-8"?>
<testsuite xmlns:xsi="http://www.w3.org/2001/XMLSchema-instance" xsi:noNamespaceSchemaLocation="https://maven.apache.org/surefire/maven-surefire-plugin/xsd/surefire-test-report-3.0.xsd" version="3.0" name="com.phishing.antiphishing.controller.EmailAnalysisControllerTest" time="4.563" tests="5" errors="1" skipped="0" failures="0">
  <properties>
[...]
</properties>
  <testcase name="testGetUserAnalysisHistory" classname="com.phishing.antiphishing.controller.EmailAnalysisControllerTest" time="0.288">
    <system-out><![CDATA[Standard Commons Logging discovery in action with spring-jcl: please remove commons-logging.jar from classpath in order to avoid potential conflicts
21:32:13.535 [main] INFO org.springframework.test.context.support.AnnotationConfigContextLoaderUtils -- Could not detect default configuration classes for test class [com.phishing.antiphishing.controller.EmailAnalysisControllerTest]: EmailAnalysisControllerTest does not declare any static, non-private, non-final, nested classes annotated with @Configuration.
21:32:13.710 [main] INFO org.springframework.boot.test.context.SpringBootTestContextBootstrapper -- Found @SpringBootConfiguration com.phishing.antiphishing.AntiPhishingApplication for test class com.phishing.antiphishing.controller.EmailAnalysisControllerTest
21:32:13.795 [main] INFO org.springframework.boot.devtools.restart.RestartApplicationListener -- Restart disabled due to context in which it is running

  .   ____          _            __ _ _
 /\\ / ___'_ __ _ _(_)_ __  __ _ \ \ \ \
( ( )\___ | '_ | '_| | '_ \/ _` | \ \ \ \
 \\/  ___)| |_)| | | | | || (_| |  ) ) ) )
  '  |____| .__|_| |_|_| |_\__, | / / / /
 =========|_|==============|___/=/_/_/_/
 :: Spring Boot ::                (v3.2.3)

2025-05-10T21:32:14.091+01:00  INFO 12372 --- [anti-phishing] [           main] c.p.a.c.EmailAnalysisControllerTest      : Starting EmailAnalysisControllerTest using Java 21.0.7 with PID 12372 (started by ichra in C:\Users\ichra\OneDrive\Bureau\anti-phishing)
2025-05-10T21:32:14.092+01:00 DEBUG 12372 --- [anti-phishing] [           main] c.p.a.c.EmailAnalysisControllerTest      : Running with Spring Boot v3.2.3, Spring v6.1.4
2025-05-10T21:32:14.092+01:00  INFO 12372 --- [anti-phishing] [           main] c.p.a.c.EmailAnalysisControllerTest      : No active profile set, falling back to 1 default profile: "default"
2025-05-10T21:32:17.147+01:00  INFO 12372 --- [anti-phishing] [           main] o.s.s.web.DefaultSecurityFilterChain     : Will secure any request with [org.springframework.security.web.session.DisableEncodeUrlFilter@6c5ae8fd, org.springframework.security.web.context.request.async.WebAsyncManagerIntegrationFilter@17354708, org.springframework.security.web.context.SecurityContextHolderFilter@a357c3e, org.springframework.security.web.header.HeaderWriterFilter@5df2023c, org.springframework.web.filter.CorsFilter@1aed6f0b, org.springframework.security.web.authentication.logout.LogoutFilter@20c3b34b, org.springframework.security.web.savedrequest.RequestCacheAwareFilter@3eb9c575, org.springframework.security.web.servletapi.SecurityContextHolderAwareRequestFilter@3f322610, org.springframework.security.web.authentication.AnonymousAuthenticationFilter@3b3546a3, org.springframework.security.web.session.SessionManagementFilter@7ea07516, org.springframework.security.web.access.ExceptionTranslationFilter@2e204155, org.springframework.security.web.access.intercept.AuthorizationFilter@682266d8]
2025-05-10T21:32:17.428+01:00  INFO 12372 --- [anti-phishing] [           main] o.s.b.t.m.w.SpringBootMockServletContext : Initializing Spring TestDispatcherServlet ''
2025-05-10T21:32:17.429+01:00  INFO 12372 --- [anti-phishing] [           main] o.s.t.web.servlet.TestDispatcherServlet  : Initializing Servlet ''
2025-05-10T21:32:17.430+01:00  INFO 12372 --- [anti-phishing] [           main] o.s.t.web.servlet.TestDispatcherServlet  : Completed initialization in 1 ms
2025-05-10T21:32:17.458+01:00  INFO 12372 --- [anti-phishing] [           main] c.p.a.c.EmailAnalysisControllerTest      : Started EmailAnalysisControllerTest in 3.674 seconds (process running for 4.606)
2025-05-10T21:32:17.519+01:00  INFO 12372 --- [anti-phishing] [           main] o.s.b.t.m.w.SpringBootMockServletContext : Initializing Spring TestDispatcherServlet ''
2025-05-10T21:32:17.519+01:00  INFO 12372 --- [anti-phishing] [           main] o.s.t.web.servlet.TestDispatcherServlet  : Initializing Servlet ''
2025-05-10T21:32:17.521+01:00  INFO 12372 --- [anti-phishing] [           main] o.s.t.web.servlet.TestDispatcherServlet  : Completed initialization in 2 ms
]]></system-out>
    <system-err><![CDATA[WARNING: A Java agent has been loaded dynamically (C:\Users\ichra\.m2\repository\net\bytebuddy\byte-buddy-agent\1.14.12\byte-buddy-agent-1.14.12.jar)
WARNING: If a serviceability tool is in use, please run with -XX:+EnableDynamicAgentLoading to hide this warning
WARNING: If a serviceability tool is not in use, please run with -Djdk.instrument.traceUsage for more information
WARNING: Dynamic loading of agents will be disallowed by default in a future release
]]></system-err>
  </testcase>
  <testcase name="testGetAnalysisById" classname="com.phishing.antiphishing.controller.EmailAnalysisControllerTest" time="0.027">
    <system-out><![CDATA[2025-05-10T21:32:17.773+01:00  INFO 12372 --- [anti-phishing] [           main] o.s.b.t.m.w.SpringBootMockServletContext : Initializing Spring TestDispatcherServlet ''
2025-05-10T21:32:17.773+01:00  INFO 12372 --- [anti-phishing] [           main] o.s.t.web.servlet.TestDispatcherServlet  : Initializing Servlet ''
2025-05-10T21:32:17.774+01:00  INFO 12372 --- [anti-phishing] [           main] o.s.t.web.servlet.TestDispatcherServlet  : Completed initialization in 0 ms
]]></system-out>
  </testcase>
  <testcase name="testAnalyzeEmailFile" classname="com.phishing.antiphishing.controller.EmailAnalysisControllerTest" time="0.035">
    <system-out><![CDATA[2025-05-10T21:32:17.797+01:00  INFO 12372 --- [anti-phishing] [           main] o.s.b.t.m.w.SpringBootMockServletContext : Initializing Spring TestDispatcherServlet ''
2025-05-10T21:32:17.797+01:00  INFO 12372 --- [anti-phishing] [           main] o.s.t.web.servlet.TestDispatcherServlet  : Initializing Servlet ''
2025-05-10T21:32:17.798+01:00  INFO 12372 --- [anti-phishing] [           main] o.s.t.web.servlet.TestDispatcherServlet  : Completed initialization in 1 ms
]]></system-out>
  </testcase>
  <testcase name="testGetAnalysisByIdUnauthorized" classname="com.phishing.antiphishing.controller.EmailAnalysisControllerTest" time="0.021">
    <error message="Request processing failed: org.springframework.security.access.AccessDeniedException: You are not authorized to access this analysis" type="jakarta.servlet.ServletException"><![CDATA[jakarta.servlet.ServletException: Request processing failed: org.springframework.security.access.AccessDeniedException: You are not authorized to access this analysis
	at org.springframework.web.servlet.FrameworkServlet.processRequest(FrameworkServlet.java:1022)
	at org.springframework.web.servlet.FrameworkServlet.doGet(FrameworkServlet.java:903)
	at jakarta.servlet.http.HttpServlet.service(HttpServlet.java:564)
	at org.springframework.web.servlet.FrameworkServlet.service(FrameworkServlet.java:885)
	at org.springframework.test.web.servlet.TestDispatcherServlet.service(TestDispatcherServlet.java:72)
	at jakarta.servlet.http.HttpServlet.service(HttpServlet.java:658)
	at org.springframework.mock.web.MockFilterChain$ServletFilterProxy.doFilter(MockFilterChain.java:165)
	at org.springframework.mock.web.MockFilterChain.doFilter(MockFilterChain.java:132)
	at org.springframework.test.web.servlet.MockMvc.perform(MockMvc.java:201)
	at com.phishing.antiphishing.controller.EmailAnalysisControllerTest.testGetAnalysisByIdUnauthorized(EmailAnalysisControllerTest.java:213)
	at java.base/java.lang.reflect.Method.invoke(Method.java:580)
	at java.base/java.util.ArrayList.forEach(ArrayList.java:1596)
	at java.base/java.util.ArrayList.forEach(ArrayList.java:1596)
Caused by: org.springframework.security.access.AccessDeniedException: You are not authorized to access this analysis
	at com.phishing.antiphishing.controller.EmailAnalysisController.getAnalysisById(EmailAnalysisController.java:92)
	at java.base/jdk.internal.reflect.DirectMethodHandleAccessor.invoke(DirectMethodHandleAccessor.java:103)
	at java.base/java.lang.reflect.Method.invoke(Method.java:580)
	at org.springframework.web.method.support.InvocableHandlerMethod.doInvoke(InvocableHandlerMethod.java:259)
	at org.springframework.web.method.support.InvocableHandlerMethod.invokeForRequest(InvocableHandlerMethod.java:192)
	at org.springframework.web.servlet.mvc.method.annotation.ServletInvocableHandlerMethod.invokeAndHandle(ServletInvocableHandlerMethod.java:118)
	at org.springframework.web.servlet.mvc.method.annotation.RequestMappingHandlerAdapter.invokeHandlerMethod(RequestMappingHandlerAdapter.java:920)
	at org.springframework.web.servlet.mvc.method.annotation.RequestMappingHandlerAdapter.handleInternal(RequestMappingHandlerAdapter.java:830)
	at org.springframework.web.servlet.mvc.method.AbstractHandlerMethodAdapter.handle(AbstractHandlerMethodAdapter.java:87)
	at org.springframework.web.servlet.DispatcherServlet.doDispatch(DispatcherServlet.java:1089)
	at org.springframework.web.servlet.DispatcherServlet.doService(DispatcherServlet.java:979)
	at org.springframework.web.servlet.FrameworkServlet.processRequest(FrameworkServlet.java:1014)
	... 12 more
]]></error>
    <system-out><![CDATA[2025-05-10T21:32:17.837+01:00  INFO 12372 --- [anti-phishing] [           main] o.s.b.t.m.w.SpringBootMockServletContext : Initializing Spring TestDispatcherServlet ''
2025-05-10T21:32:17.837+01:00  INFO 12372 --- [anti-phishing] [           main] o.s.t.web.servlet.TestDispatcherServlet  : Initializing Servlet ''
2025-05-10T21:32:17.838+01:00  INFO 12372 --- [anti-phishing] [           main] o.s.t.web.servlet.TestDispatcherServlet  : Completed initialization in 1 ms
]]></system-out>
  </testcase>
  <testcase name="testAnalyzeEmail" classname="com.phishing.antiphishing.controller.EmailAnalysisControllerTest" time="0.067">
    <system-out><![CDATA[2025-05-10T21:32:17.863+01:00  INFO 12372 --- [anti-phishing] [           main] o.s.b.t.m.w.SpringBootMockServletContext : Initializing Spring TestDispatcherServlet ''
2025-05-10T21:32:17.863+01:00  INFO 12372 --- [anti-phishing] [           main] o.s.t.web.servlet.TestDispatcherServlet  : Initializing Servlet ''
2025-05-10T21:32:17.864+01:00  INFO 12372 --- [anti-phishing] [           main] o.s.t.web.servlet.TestDispatcherServlet  : Completed initialization in 1 ms
]]></system-out>
  </testcase>
</testsuite>